<?xml version="1.0" encoding="UTF-8"?>
<!-- Generated by org.testng.reporters.JUnitReportReporter -->
<testsuite hostname="garuda" failures="0" tests="1" name="tests.hometest" time="4.958" errors="0" timestamp="2024-08-17T11:23:15 IST" skipped="0">
  <testcase classname="tests.hometest" name="Addtocart" time="4.958"/>
  <system-out/>
</testsuite> <!-- tests.hometest -->
