<?xml version="1.0" encoding="UTF-8"?>
<!-- Generated by org.testng.reporters.JUnitReportReporter -->
<testsuite hostname="garuda" failures="0" tests="3" name="tests.logintest" time="3.779" errors="0" timestamp="2024-08-17T11:23:15 IST" skipped="0">
  <testcase classname="tests.logintest" name="TC02_LoginFailureTest" time="1.202"/>
  <system-out/>
  <testcase classname="tests.logintest" name="TC01_LoginSuccessTest" time="1.299"/>
  <system-out/>
  <testcase classname="tests.logintest" name="TC03_LockedUserTest" time="1.278"/>
  <system-out/>
</testsuite> <!-- tests.logintest -->
